<?xml version="1.0" encoding="UTF-8"?>
<!-- Generated by org.testng.reporters.JUnitReportReporter -->
<testsuite skipped="0" hostname="Gs-MacBook-Pro.modem" name="com.crm.qa.testcases.HomePageTest" tests="3" failures="0" timestamp="02 Jan 2019 06:01:45 GMT" time="39.320" errors="0">
  <testcase name="verifyHomePageTitleTest" time="12.856" classname="com.crm.qa.testcases.HomePageTest"/>
  <testcase name="verifyUserNameTest" time="11.874" classname="com.crm.qa.testcases.HomePageTest"/>
  <testcase name="contactsPageLinkClickTest" time="14.590" classname="com.crm.qa.testcases.HomePageTest"/>
</testsuite> <!-- com.crm.qa.testcases.HomePageTest -->
