<?xml version="1.0" encoding="UTF-8"?>
<!-- Generated by org.testng.reporters.JUnitReportReporter -->
<testsuite skipped="0" hostname="Gs-MacBook-Pro.modem" name="com.crm.qa.testcases.LoginPageTest" tests="3" failures="0" timestamp="02 Jan 2019 06:01:45 GMT" time="27.321" errors="0">
  <testcase name="loginPageTest" time="8.239" classname="com.crm.qa.testcases.LoginPageTest"/>
  <testcase name="validateLogo" time="6.938" classname="com.crm.qa.testcases.LoginPageTest"/>
  <testcase name="login" time="12.144" classname="com.crm.qa.testcases.LoginPageTest"/>
</testsuite> <!-- com.crm.qa.testcases.LoginPageTest -->
