<?xml version="1.0" encoding="UTF-8"?>
<!-- Generated by org.testng.reporters.JUnitReportReporter -->
<testsuite skipped="0" hostname="Gs-MacBook-Pro.modem" name="com.crm.qa.testcases.ContactsPageTest" tests="2" failures="0" timestamp="02 Jan 2019 06:01:45 GMT" time="27.684" errors="0">
  <testcase name="verifyContactsPageLableTest" time="13.801" classname="com.crm.qa.testcases.ContactsPageTest"/>
  <testcase name="selectContactsByNameTest" time="13.883" classname="com.crm.qa.testcases.ContactsPageTest"/>
</testsuite> <!-- com.crm.qa.testcases.ContactsPageTest -->
