<?xml version="1.0" encoding="UTF-8"?>
<!-- Generated by org.testng.reporters.JUnitReportReporter -->
<testsuite skipped="0" hostname="Gs-MacBook-Pro.modem" name="com.crm.qa.testcases.ContactsPageTest" tests="1" failures="0" timestamp="03 Jan 2019 11:11:55 GMT" time="20.346" errors="0">
  <testcase name="validateCreateNewContact" time="20.346" classname="com.crm.qa.testcases.ContactsPageTest"/>
</testsuite> <!-- com.crm.qa.testcases.ContactsPageTest -->
