<?xml version="1.0" encoding="UTF-8"?>
<!-- Generated by org.testng.reporters.JUnitReportReporter -->
<testsuite skipped="0" hostname="Gs-MacBook-Pro.modem" name="com.crm.qa.testcases.LoginPageTest" tests="3" failures="0" timestamp="02 Jan 2019 04:52:33 GMT" time="31.017" errors="0">
  <testcase name="loginPageTest" time="8.869" classname="com.crm.qa.testcases.LoginPageTest"/>
  <testcase name="validateLogo" time="7.129" classname="com.crm.qa.testcases.LoginPageTest"/>
  <testcase name="login" time="15.019" classname="com.crm.qa.testcases.LoginPageTest"/>
</testsuite> <!-- com.crm.qa.testcases.LoginPageTest -->
