<?xml version="1.0" encoding="UTF-8"?>
<!-- Generated by org.testng.reporters.JUnitReportReporter -->
<testsuite skipped="0" hostname="Gs-MacBook-Pro.modem" name="com.crm.qa.testcases.HomePageTest" tests="3" failures="0" timestamp="02 Jan 2019 04:52:33 GMT" time="43.891" errors="0">
  <testcase name="verifyHomePageTitleTest" time="15.180" classname="com.crm.qa.testcases.HomePageTest"/>
  <testcase name="verifyUserNameTest" time="13.287" classname="com.crm.qa.testcases.HomePageTest"/>
  <testcase name="contactsPageLinkClickTest" time="15.424" classname="com.crm.qa.testcases.HomePageTest"/>
</testsuite> <!-- com.crm.qa.testcases.HomePageTest -->
