<?xml version="1.0" encoding="UTF-8"?>
<!-- Generated by org.testng.reporters.JUnitReportReporter -->
<testsuite skipped="0" hostname="Gs-MacBook-Pro.modem" name="com.crm.qa.testcases.ContactsPageTest" tests="2" failures="0" timestamp="02 Jan 2019 04:52:33 GMT" time="37.128" errors="0">
  <testcase name="verifyContactsPageLableTest" time="15.396" classname="com.crm.qa.testcases.ContactsPageTest"/>
  <testcase name="selectContactsByNameTest" time="21.732" classname="com.crm.qa.testcases.ContactsPageTest"/>
</testsuite> <!-- com.crm.qa.testcases.ContactsPageTest -->
